0 info it worked if it ends with ok
1 verbose cli [ 'E:\\Program Files\\nodejs\\\\node.exe',
1 verbose cli   'E:\\Program Files\\nodejs\\node_modules\\npm\\bin\\npm-cli.js',
1 verbose cli   'publish',
1 verbose cli   'update' ]
2 info using npm@1.4.28
3 info using node@v0.10.40
4 verbose node symlink E:\Program Files\nodejs\\node.exe
5 verbose publish [ 'update' ]
6 verbose cache add [ 'update', null ]
7 verbose cache add name=undefined spec="update" args=["update",null]
8 verbose parsed url { protocol: null,
8 verbose parsed url   slashes: null,
8 verbose parsed url   auth: null,
8 verbose parsed url   host: null,
8 verbose parsed url   port: null,
8 verbose parsed url   hostname: null,
8 verbose parsed url   hash: null,
8 verbose parsed url   search: null,
8 verbose parsed url   query: null,
8 verbose parsed url   pathname: 'update',
8 verbose parsed url   path: 'update',
8 verbose parsed url   href: 'update' }
9 silly lockFile 0a25ba59-update update
10 verbose lock update C:\Users\WARMACHINE\AppData\Roaming\npm-cache\0a25ba59-update.lock
11 silly lockFile 0a25ba59-update update
12 silly lockFile 0a25ba59-update update
13 verbose addNamed [ 'update', '' ]
14 verbose addNamed [ null, '*' ]
15 silly lockFile f8258749-update update@
16 verbose lock update@ C:\Users\WARMACHINE\AppData\Roaming\npm-cache\f8258749-update.lock
17 silly addNameRange { name: 'update', range: '*', hasData: false }
18 verbose request where is /update
19 verbose request registry https://registry.npmjs.org/
20 verbose request id 1ba8a1dc22692ada
21 verbose url raw /update
22 verbose url resolving [ 'https://registry.npmjs.org/', './update' ]
23 verbose url resolved https://registry.npmjs.org/update
24 verbose request where is https://registry.npmjs.org/update
25 info trying registry request attempt 1 at 12:57:23
26 http GET https://registry.npmjs.org/update
27 http 200 https://registry.npmjs.org/update
28 silly registry.get cb [ 200,
28 silly registry.get   { server: 'CouchDB/1.5.0 (Erlang OTP/R16B03)',
28 silly registry.get     etag: '"CZ6D6CM10G9ROFBSVVU2IPUAE"',
28 silly registry.get     'content-type': 'application/json',
28 silly registry.get     'cache-control': 'max-age=300',
28 silly registry.get     'content-length': '30785',
28 silly registry.get     'accept-ranges': 'bytes',
28 silly registry.get     date: 'Thu, 21 Jan 2016 11:57:20 GMT',
28 silly registry.get     via: '1.1 varnish',
28 silly registry.get     age: '0',
28 silly registry.get     connection: 'keep-alive',
28 silly registry.get     'x-served-by': 'cache-ams4132-AMS',
28 silly registry.get     'x-cache': 'HIT',
28 silly registry.get     'x-cache-hits': '1',
28 silly registry.get     'x-timer': 'S1453377439.974966,VS0,VE178',
28 silly registry.get     vary: 'Accept' } ]
29 silly addNameRange number 2 { name: 'update', range: '*', hasData: true }
30 silly addNameRange versions [ 'update',
30 silly addNameRange   [ '0.1.0',
30 silly addNameRange     '0.2.0',
30 silly addNameRange     '0.3.0-beta',
30 silly addNameRange     '0.3.1-beta',
30 silly addNameRange     '0.3.2-beta',
30 silly addNameRange     '0.3.3-beta',
30 silly addNameRange     '0.3.3',
30 silly addNameRange     '0.3.5',
30 silly addNameRange     '0.3.6',
30 silly addNameRange     '0.4.0',
30 silly addNameRange     '0.4.1',
30 silly addNameRange     '0.4.2' ] ]
31 verbose addNamed [ 'update', '0.4.2' ]
32 verbose addNamed [ '0.4.2', '0.4.2' ]
33 silly lockFile b444f2c0-update-0-4-2 update@0.4.2
34 verbose lock update@0.4.2 C:\Users\WARMACHINE\AppData\Roaming\npm-cache\b444f2c0-update-0-4-2.lock
35 silly lockFile 7c2dd5b1-pmjs-org-update-update-0-4-2-tgz https://registry.npmjs.org/update/-/update-0.4.2.tgz
36 verbose lock https://registry.npmjs.org/update/-/update-0.4.2.tgz C:\Users\WARMACHINE\AppData\Roaming\npm-cache\7c2dd5b1-pmjs-org-update-update-0-4-2-tgz.lock
37 verbose addRemoteTarball [ 'https://registry.npmjs.org/update/-/update-0.4.2.tgz',
37 verbose addRemoteTarball   '04c3bf907b653522c83a19d17879370b51097657' ]
38 info retry fetch attempt 1 at 12:57:23
39 verbose fetch to= C:\Users\WARMAC~1\AppData\Local\Temp\npm-75864-QnGhyVIl\registry.npmjs.org\update\-\update-0.4.2.tgz
40 http GET https://registry.npmjs.org/update/-/update-0.4.2.tgz
41 http 200 https://registry.npmjs.org/update/-/update-0.4.2.tgz
42 silly lockFile 7c2dd5b1-pmjs-org-update-update-0-4-2-tgz https://registry.npmjs.org/update/-/update-0.4.2.tgz
43 silly lockFile 7c2dd5b1-pmjs-org-update-update-0-4-2-tgz https://registry.npmjs.org/update/-/update-0.4.2.tgz
44 silly lockFile b444f2c0-update-0-4-2 update@0.4.2
45 silly lockFile b444f2c0-update-0-4-2 update@0.4.2
46 silly lockFile f8258749-update update@
47 silly lockFile f8258749-update update@
48 silly publish { name: 'update',
48 silly publish   description: 'Easily keep anything in your project up-to-date by installing the updaters you want to use and running `update` in the command line! Update the copyright date, licence type, ensure that a project uses your latest eslint or jshint configuration, remove dep',
48 silly publish   version: '0.4.2',
48 silly publish   homepage: 'https://github.com/update/update',
48 silly publish   author:
48 silly publish    { name: 'Jon Schlinkert',
48 silly publish      url: 'https://github.com/jonschlinkert' },
48 silly publish   authors:
48 silly publish    [ 'Brian Woodward <brian.woodward@gmail.com> (https://github.com/doowb)',
48 silly publish      'Jon Schlinkert (https://github.com/jonschlinkert)' ],
48 silly publish   contributors:
48 silly publish    [ { name: 'Brian Woodward',
48 silly publish        email: 'brian.woodward@gmail.com',
48 silly publish        url: 'https://github.com/doowb' },
48 silly publish      { name: 'Jon Schlinkert',
48 silly publish        url: 'https://github.com/jonschlinkert' } ],
48 silly publish   repository: { type: 'git', url: 'git+https://github.com/update/update.git' },
48 silly publish   bugs: { url: 'https://github.com/update/update/issues' },
48 silly publish   license: 'MIT',
48 silly publish   files: [ 'bin', 'index.js', 'lib/' ],
48 silly publish   main: 'index.js',
48 silly publish   engines: { node: '>=0.10.0' },
48 silly publish   scripts: { test: 'mocha' },
48 silly publish   preferGlobal: true,
48 silly publish   bin: { update: 'bin/update.js' },
48 silly publish   dependencies:
48 silly publish    { 'ansi-cyan': '^0.1.1',
48 silly publish      'ansi-gray': '^0.1.1',
48 silly publish      'ansi-green': '^0.1.1',
48 silly publish      'ansi-red': '^0.1.1',
48 silly publish      'ansi-yellow': '^0.1.1',
48 silly publish      'assemble-core': '^0.8.0',
48 silly publish      'assemble-loader': '^0.2.6',
48 silly publish      async: '^1.5.2',
48 silly publish      base: '^0.6.3',
48 silly publish      'base-cli': '^0.4.0',
48 silly publish      'base-config': '^0.3.3',
48 silly publish      'base-options': '^0.5.4',
48 silly publish      'base-pipeline': '^0.1.4',
48 silly publish      'base-store': '^0.3.2',
48 silly publish      'composer-runtimes': '^0.7.0',
48 silly publish      'define-property': '^0.2.5',
48 silly publish      'engine-base': '^0.1.2',
48 silly publish      'expand-args': '^0.3.1',
48 silly publish      'expand-object': '^0.4.1',
48 silly publish      'export-files': '^2.1.0',
48 silly publish      'extend-shallow': '^2.0.1',
48 silly publish      'for-own': '^0.1.3',
48 silly publish      'get-value': '^2.0.2',
48 silly publish      'global-modules': '^0.2.0',
48 silly publish      'gulp-eslint': '^1.1.1',
48 silly publish      'lazy-cache': '^1.0.3',
48 silly publish      'load-pkg': '^3.0.1',
48 silly publish      matched: '^0.4.1',
48 silly publish      micromatch: '^2.3.7',
48 silly publish      minimist: '^1.2.0',
48 silly publish      'object.omit': '^2.0.0',
48 silly publish      'object.pick': '^1.1.1',
48 silly publish      'parser-front-matter': '^1.3.0',
48 silly publish      'project-name': '^0.2.3',
48 silly publish      'question-cache': '^0.3.5',
48 silly publish      rimraf: '^2.5.0',
48 silly publish      'set-value': '^0.3.2',
48 silly publish      'sort-object-arrays': '^0.1.1',
48 silly publish      'stream-exhaust': '^1.0.1',
48 silly publish      'success-symbol': '^0.1.0',
48 silly publish      through2: '^2.0.0',
48 silly publish      'time-stamp': '^0.1.3',
48 silly publish      'union-value': '^0.2.1',
48 silly publish      use: '^1.1.2' },
48 silly publish   devDependencies:
48 silly publish    { 'buffer-equal': '^1.0.0',
48 silly publish      consolidate: '^0.13.1',
48 silly publish      coveralls: '^2.11.6',
48 silly publish      'data-store': '^0.12.1',
48 silly publish      'engine-handlebars': '^0.8.0',
48 silly publish      'event-stream': '^3.3.2',
48 silly publish      'graceful-fs': '^4.1.2',
48 silly publish      gulp: '^3.9.0',
48 silly publish      'gulp-format-md': '^0.1.5',
48 silly publish      'gulp-istanbul': '^0.10.3',
48 silly publish      'gulp-mocha': '^2.2.0',
48 silly publish      'is-buffer': '^1.1.1',
48 silly publish      istanbul: '^0.4.1',
48 silly publish      'kind-of': '^3.0.2',
48 silly publish      mocha: '^2.3.4',
48 silly publish      'resolve-glob': '^0.1.8',
48 silly publish      should: '^8.0.2',
48 silly publish      sinon: '^1.17.2',
48 silly publish      swig: '^1.4.2',
48 silly publish      vinyl: '^1.1.0' },
48 silly publish   keywords: [ 'lint', 'next', 'repo', 'update' ],
48 silly publish   verb:
48 silly publish    { related: { list: [Object], description: '' },
48 silly publish      reflinks: [ 'boilerplate', 'scaffold', 'template', 'verb', 'vinyl' ],
48 silly publish      plugins: [ 'gulp-format-md' ],
48 silly publish      data: { author: [Object] } },
48 silly publish   update:
48 silly publish    { note: 'this is just pseudo data for tests. I\'ll update with real stuff soon.',
48 silly publish      cwd: 'lib/pipeline',
48 silly publish      helpers: { related: '@/helper-related' },
48 silly publish      plugins:
48 silly publish       { './lib/pipeline/a': {},
48 silly publish         './lib/pipeline/b': {},
48 silly publish         './lib/pipeline/c': {} },
48 silly publish      set: { aaa: 'yyy' } },
48 silly publish   gitHead: 'de0e1344b048505ed5e49c1b1618a86f98f999e4',
48 silly publish   _id: 'update@0.4.2',
48 silly publish   _shasum: '04c3bf907b653522c83a19d17879370b51097657',
48 silly publish   _from: 'update@',
48 silly publish   _npmVersion: '3.3.12',
48 silly publish   _nodeVersion: '5.3.0',
48 silly publish   _npmUser: { name: 'jonschlinkert', email: 'github@sellside.com' },
48 silly publish   maintainers: [ { name: 'jonschlinkert', email: 'github@sellside.com' } ],
48 silly publish   dist:
48 silly publish    { shasum: '04c3bf907b653522c83a19d17879370b51097657',
48 silly publish      tarball: 'http://registry.npmjs.org/update/-/update-0.4.2.tgz' },
48 silly publish   directories: {},
48 silly publish   _resolved: 'https://registry.npmjs.org/update/-/update-0.4.2.tgz' }
49 info prepublish update@0.4.2
50 verbose request where is /update
51 verbose request registry https://registry.npmjs.org/
52 verbose url raw /update
53 verbose url resolving [ 'https://registry.npmjs.org/', './update' ]
54 verbose url resolved https://registry.npmjs.org/update
55 verbose request where is https://registry.npmjs.org/update
56 info trying registry request attempt 1 at 12:57:24
57 http PUT https://registry.npmjs.org/update
58 http 403 https://registry.npmjs.org/update
59 verbose headers { 'content-type': 'application/json',
59 verbose headers   'cache-control': 'max-age=300',
59 verbose headers   'content-length': '98',
59 verbose headers   'accept-ranges': 'bytes',
59 verbose headers   date: 'Thu, 21 Jan 2016 11:57:21 GMT',
59 verbose headers   via: '1.1 varnish',
59 verbose headers   connection: 'keep-alive',
59 verbose headers   'x-served-by': 'cache-ams4144-AMS',
59 verbose headers   'x-cache': 'MISS',
59 verbose headers   'x-cache-hits': '0',
59 verbose headers   'x-timer': 'S1453377440.542051,VS0,VE1093' }
60 error publish Failed PUT 403
61 error Error: You do not have permission to publish 'update'. Are you logged in as the correct user? : update
61 error     at RegClient.<anonymous> (E:\Program Files\nodejs\node_modules\npm\node_modules\npm-registry-client\lib\request.js:308:14)
61 error     at Request._callback (E:\Program Files\nodejs\node_modules\npm\node_modules\npm-registry-client\lib\request.js:246:65)
61 error     at Request.self.callback (E:\Program Files\nodejs\node_modules\npm\node_modules\request\request.js:236:22)
61 error     at Request.emit (events.js:98:17)
61 error     at Request.<anonymous> (E:\Program Files\nodejs\node_modules\npm\node_modules\request\request.js:1142:14)
61 error     at Request.emit (events.js:117:20)
61 error     at IncomingMessage.<anonymous> (E:\Program Files\nodejs\node_modules\npm\node_modules\request\request.js:1096:12)
61 error     at IncomingMessage.emit (events.js:117:20)
61 error     at _stream_readable.js:944:16
61 error     at process._tickCallback (node.js:448:13)
62 error If you need help, you may report this *entire* log,
62 error including the npm and node versions, at:
62 error     <http://github.com/npm/npm/issues>
63 error System Windows_NT 6.2.9200
64 error command "E:\\Program Files\\nodejs\\\\node.exe" "E:\\Program Files\\nodejs\\node_modules\\npm\\bin\\npm-cli.js" "publish" "update"
65 error cwd E:\__SAVE\wamp\www\SandboxUtils\AsyncEvent-series
66 error node -v v0.10.40
67 error npm -v 1.4.28
68 verbose exit [ 1, true ]
